<?xml version="1.0" encoding="UTF-8"?>
<!-- Generated by org.testng.reporters.JUnitReportReporter -->
<testsuite hostname="LTPU-PG01JHD7" failures="0" tests="1" name="testCases.TC_001_AccountRegistrationTest" time="19.639" errors="0" timestamp="2024-08-28T23:14:02 IST" skipped="0">
  <testcase classname="testCases.TC_001_AccountRegistrationTest" name="verify_account_registration" time="19.639"/>
</testsuite> <!-- testCases.TC_001_AccountRegistrationTest -->
