<?xml version="1.0" encoding="UTF-8"?>
<!-- Generated by org.testng.reporters.JUnitReportReporter -->
<testsuite hostname="DESKTOP-4VHUJL8" failures="0" tests="1" name="testCases.TC_001_AccountRegistrationTest" time="5.377" errors="0" timestamp="2024-09-06T23:00:15 IST" skipped="0">
  <testcase classname="testCases.TC_001_AccountRegistrationTest" name="verify_account_registration" time="5.377"/>
</testsuite> <!-- testCases.TC_001_AccountRegistrationTest -->
