<?xml version="1.0" encoding="UTF-8"?>
<!-- Generated by org.testng.reporters.JUnitReportReporter -->
<testsuite hostname="DESKTOP-4VHUJL8" failures="0" tests="1" name="testCases.TC002_LoginTest" time="3.734" errors="0" timestamp="2024-09-07T07:20:31 IST" skipped="0">
  <testcase classname="testCases.TC002_LoginTest" name="verify_login" time="3.734"/>
</testsuite> <!-- testCases.TC002_LoginTest -->
