<?xml version="1.0" encoding="UTF-8"?>
<!-- Generated by org.testng.reporters.JUnitReportReporter -->
<testsuite hostname="DESKTOP-4VHUJL8" failures="0" tests="1" name="testCases.TC_003_SearchProduct" time="8.714" errors="0" timestamp="2024-09-07T07:20:31 IST" skipped="0">
  <testcase classname="testCases.TC_003_SearchProduct" name="verify_searchProduct" time="8.714"/>
</testsuite> <!-- testCases.TC_003_SearchProduct -->
