<?xml version="1.0" encoding="UTF-8"?>
<!-- Generated by org.testng.reporters.JUnitReportReporter -->
<testsuite hostname="LTPU-PG01JHD7" failures="0" tests="1" name="testCases.TC002_LoginTest" time="4.335" errors="0" timestamp="2024-08-28T23:14:02 IST" skipped="0">
  <testcase classname="testCases.TC002_LoginTest" name="verify_login" time="4.335"/>
</testsuite> <!-- testCases.TC002_LoginTest -->
