<?xml version="1.0" encoding="UTF-8"?>
<!-- Generated by org.testng.reporters.JUnitReportReporter -->
<testsuite hostname="DESKTOP-4VHUJL8" failures="0" tests="1" name="testCases.TC_003_SearchProduct" time="7.304" errors="0" timestamp="2024-09-08T15:01:52 IST" skipped="0">
  <testcase classname="testCases.TC_003_SearchProduct" name="verify_searchProduct" time="7.304"/>
</testsuite> <!-- testCases.TC_003_SearchProduct -->
