<?xml version="1.0" encoding="UTF-8"?>
<!-- Generated by org.testng.reporters.JUnitReportReporter -->
<testsuite hostname="DESKTOP-4VHUJL8" failures="0" tests="1" name="testCases.TC_003_SearchProduct" time="8.450" errors="0" timestamp="2024-09-07T00:45:17 IST" skipped="0">
  <testcase classname="testCases.TC_003_SearchProduct" name="verify_searchProduct" time="8.450"/>
</testsuite> <!-- testCases.TC_003_SearchProduct -->
